<?xml version="1.0" encoding="UTF-8"?>
<testsuite xmlns:xsi="http://www.w3.org/2001/XMLSchema-instance" xsi:noNamespaceSchemaLocation="https://maven.apache.org/surefire/maven-surefire-plugin/xsd/surefire-test-report.xsd" name="com.example.SweetShopTest" time="0.072" tests="7" errors="0" skipped="0" failures="0">
  <properties>
[...]
</properties>
  <testcase name="testDeleteSweet" classname="com.example.SweetShopTest" time="0.012"/>
  <testcase name="testPurchaseSweet_InsufficientStock" classname="com.example.SweetShopTest" time="0"/>
  <testcase name="testUpdateSweet" classname="com.example.SweetShopTest" time="0"/>
  <testcase name="testAddSweet" classname="com.example.SweetShopTest" time="0"/>
  <testcase name="testSearchByName_NotFound" classname="com.example.SweetShopTest" time="0"/>
  <testcase name="testSearchByName_Found" classname="com.example.SweetShopTest" time="0"/>
  <testcase name="testPurchaseSweet_Success" classname="com.example.SweetShopTest" time="0"/>
</testsuite>